<?xml version="1.0" encoding="UTF-8"?>
<testsuite name="RationalTest" tests="1" skipped="0" failures="0" errors="0" timestamp="2022-09-16T18:47:20" hostname="Krittitees-MacBook-Pro.local" time="0.018">
  <properties/>
  <testcase name="testToString" classname="RationalTest" time="0.018"/>
  <system-out><![CDATA[]]></system-out>
  <system-err><![CDATA[]]></system-err>
</testsuite>
